{
  "Cucumber Features": {
    "coverage": {
      "/home/saasbook/Homework/calteach/app/models/user.rb": [
        1,
        null,
        null,
        null,
        1,
        null,
        null,
        null,
        1,
        1,
        null,
        1,
        1,
        null,
        1,
        null
      ],
      "/home/saasbook/Homework/calteach/app/controllers/application_controller.rb": [
        1,
        1,
        null
      ],
      "/home/saasbook/Homework/calteach/app/helpers/application_helper.rb": [
        1,
        null
      ],
      "/home/saasbook/Homework/calteach/app/controllers/items_controller.rb": [
        1,
        null,
        1,
        1,
        null,
        null,
        1,
        2,
        null,
        null,
        1,
        1,
        null,
        null,
        1,
        1,
        1,
        1,
        null,
        null,
        1,
        1,
        1,
        null,
        null,
        1,
        1,
        1,
        1,
        1,
        null,
        null,
        1,
        0,
        0,
        0,
        0,
        null,
        null,
        null
      ],
      "/home/saasbook/Homework/calteach/app/models/item.rb": [
        1,
        1,
        null,
        1,
        1,
        1,
        null,
        1,
        2,
        null,
        null
      ],
      "/home/saasbook/Homework/calteach/app/controllers/pages_controller.rb": [
        1,
        1,
        0,
        0,
        null,
        null
      ],
      "/home/saasbook/Homework/calteach/app/controllers/reservations_controller.rb": [
        1,
        null,
        null
      ],
      "/home/saasbook/Homework/calteach/app/models/reservation.rb": [
        1,
        1,
        null,
        1,
        1,
        null
      ],
      "/home/saasbook/Homework/calteach/app/controllers/users_controller.rb": [
        1,
        null,
        null
      ]
    },
    "timestamp": 1382920170
  },
  "RSpec": {
    "coverage": {
      "/home/saasbook/Homework/calteach/app/models/user.rb": [
        1,
        null,
        null,
        null,
        1,
        null,
        null,
        null,
        1,
        1,
        null,
        1,
        1,
        null,
        1,
        null
      ],
      "/home/saasbook/Homework/calteach/app/controllers/application_controller.rb": [
        1,
        1,
        null
      ],
      "/home/saasbook/Homework/calteach/app/helpers/application_helper.rb": [
        1,
        null
      ],
      "/home/saasbook/Homework/calteach/app/controllers/items_controller.rb": [
        1,
        null,
        1,
        0,
        null,
        null,
        1,
        0,
        null,
        null,
        1,
        0,
        null,
        null,
        1,
        1,
        1,
        1,
        null,
        null,
        1,
        1,
        1,
        null,
        null,
        1,
        0,
        0,
        0,
        0,
        null,
        null,
        1,
        1,
        1,
        1,
        1,
        null,
        null,
        null
      ],
      "/home/saasbook/Homework/calteach/app/models/item.rb": [
        1,
        1,
        null,
        1,
        1,
        1,
        null,
        1,
        2,
        null,
        null
      ],
      "/home/saasbook/Homework/calteach/app/controllers/pages_controller.rb": [
        1,
        1,
        0,
        0,
        null,
        null
      ],
      "/home/saasbook/Homework/calteach/app/controllers/reservations_controller.rb": [
        1,
        null,
        null
      ],
      "/home/saasbook/Homework/calteach/app/models/reservation.rb": [
        1,
        1,
        null,
        1,
        1,
        null
      ],
      "/home/saasbook/Homework/calteach/app/controllers/users_controller.rb": [
        1,
        null,
        null
      ]
    },
    "timestamp": 1382920146
  }
}
